./venv/Scripts/python : 
INFO:     Started server 
process [3092]
At line:1 char:19
+ ... in-backend; 
./venv/Scripts/python -m 
uvicorn server:app --host 
0.0.0. ...
+                 ~~~~~~~~
~~~~~~~~~~~~~~~~~~~~~~~~~~
~~~~~~~~~~~~~~~~~~~~~~~
    + CategoryInfo        
      : NotSpecified: (I  
  NFO:     Started serv   
 er process [3092]:Str    
ing) [], RemoteExcept    
ion
    + FullyQualifiedError 
   Id : NativeCommandErr  
  or
 
INFO:     Waiting for 
application startup.
INFO:     Application 
startup complete.
INFO:     Uvicorn running 
on http://0.0.0.0:8082 
(Press CTRL+C to quit)
INFO:     127.0.0.1:57934 - "GET /health HTTP/1.1" 200 OK
INFO:     127.0.0.1:57938 - "POST /api/payments/create-order HTTP/1.1" 422 Unprocessable Entity
INFO:     127.0.0.1:51722 - "POST /api/payments/create-order HTTP/1.1" 422 Unprocessable Entity
INFO:     127.0.0.1:51730 - "POST /api/payments/create-order HTTP/1.1" 500 Internal Server Error
